{
  "0 debug pnpm:scope": {
    "selected": 1
  },
  "1 error pnpm": {
    "errno": 1,
    "code": "ELIFECYCLE",
    "pkgid": "moko-vue-antd-admin@1.0.0",
    "stage": "lint",
    "script": "eslint --ext .ts,.tsx,.vue .",
    "pkgname": "moko-vue-antd-admin",
    "err": {
      "name": "pnpm",
      "message": "moko-vue-antd-admin@1.0.0 lint: `eslint --ext .ts,.tsx,.vue .`\nExit status 1",
      "code": "ELIFECYCLE",
      "stack": "pnpm: moko-vue-antd-admin@1.0.0 lint: `eslint --ext .ts,.tsx,.vue .`\nExit status 1\n    at EventEmitter.<anonymous> (C:\\Users\\ee\\AppData\\Roaming\\npm\\pnpm-global\\5\\node_modules\\.pnpm\\pnpm@6.23.1\\node_modules\\pnpm\\dist\\pnpm.cjs:103446:20)\n    at EventEmitter.emit (events.js:376:20)\n    at ChildProcess.<anonymous> (C:\\Users\\ee\\AppData\\Roaming\\npm\\pnpm-global\\5\\node_modules\\.pnpm\\pnpm@6.23.1\\node_modules\\pnpm\\dist\\pnpm.cjs:91375:18)\n    at ChildProcess.emit (events.js:376:20)\n    at maybeClose (internal/child_process.js:1055:16)\n    at Process.ChildProcess._handle.onexit (internal/child_process.js:288:5)"
    }
  },
  "2 warn pnpm:global": " Local package.json exists, but node_modules missing, did you mean to install?"
}